2025-07-13 13:47:26.051 -07:00 [INF] Starting SF Management API {"Application":"SF Management API","Environment":"Development"}
2025-07-13 13:47:26.118 -07:00 [FTL] SF Management API failed to start {"Application":"SF Management API","Environment":"Development"}
Microsoft.Extensions.Hosting.HostAbortedException: The host was aborted.
   at Microsoft.Extensions.Hosting.HostFactoryResolver.HostingListener.ThrowHostAborted()
   at Microsoft.Extensions.Hosting.HostFactoryResolver.HostingListener.OnNext(KeyValuePair`2 value)
   at System.Diagnostics.DiagnosticListener.Write(String name, Object value)
   at Microsoft.Extensions.Hosting.HostBuilder.ResolveHost(IServiceProvider serviceProvider, DiagnosticListener diagnosticListener)
   at Microsoft.Extensions.Hosting.HostApplicationBuilder.Build()
   at Microsoft.AspNetCore.Builder.WebApplicationBuilder.Build()
   at Program.<Main>$(String[] args) in /Users/fernandobarroso/Local Repo/Sempre Fichas/SF_management/Program.cs:line 68
2025-07-13 13:47:37.737 -07:00 [INF] Starting SF Management API {"Application":"SF Management API","Environment":"Development"}
2025-07-13 13:47:37.804 -07:00 [FTL] SF Management API failed to start {"Application":"SF Management API","Environment":"Development"}
Microsoft.Extensions.Hosting.HostAbortedException: The host was aborted.
   at Microsoft.Extensions.Hosting.HostFactoryResolver.HostingListener.ThrowHostAborted()
   at Microsoft.Extensions.Hosting.HostFactoryResolver.HostingListener.OnNext(KeyValuePair`2 value)
   at System.Diagnostics.DiagnosticListener.Write(String name, Object value)
   at Microsoft.Extensions.Hosting.HostBuilder.ResolveHost(IServiceProvider serviceProvider, DiagnosticListener diagnosticListener)
   at Microsoft.Extensions.Hosting.HostApplicationBuilder.Build()
   at Microsoft.AspNetCore.Builder.WebApplicationBuilder.Build()
   at Program.<Main>$(String[] args) in /Users/fernandobarroso/Local Repo/Sempre Fichas/SF_management/Program.cs:line 68
2025-07-13 15:14:08.142 -07:00 [INF] Starting SF Management API {"Application":"SF Management API","Environment":"Development"}
2025-07-13 15:14:08.201 -07:00 [FTL] SF Management API failed to start {"Application":"SF Management API","Environment":"Development"}
Microsoft.Extensions.Hosting.HostAbortedException: The host was aborted.
   at Microsoft.Extensions.Hosting.HostFactoryResolver.HostingListener.ThrowHostAborted()
   at Microsoft.Extensions.Hosting.HostFactoryResolver.HostingListener.OnNext(KeyValuePair`2 value)
   at System.Diagnostics.DiagnosticListener.Write(String name, Object value)
   at Microsoft.Extensions.Hosting.HostBuilder.ResolveHost(IServiceProvider serviceProvider, DiagnosticListener diagnosticListener)
   at Microsoft.Extensions.Hosting.HostApplicationBuilder.Build()
   at Microsoft.AspNetCore.Builder.WebApplicationBuilder.Build()
   at Program.<Main>$(String[] args) in /Users/fernandobarroso/Local Repo/Sempre Fichas/SF_management/Program.cs:line 68
2025-07-13 15:14:19.845 -07:00 [INF] Starting SF Management API {"Application":"SF Management API","Environment":"Development"}
2025-07-13 15:14:19.901 -07:00 [FTL] SF Management API failed to start {"Application":"SF Management API","Environment":"Development"}
Microsoft.Extensions.Hosting.HostAbortedException: The host was aborted.
   at Microsoft.Extensions.Hosting.HostFactoryResolver.HostingListener.ThrowHostAborted()
   at Microsoft.Extensions.Hosting.HostFactoryResolver.HostingListener.OnNext(KeyValuePair`2 value)
   at System.Diagnostics.DiagnosticListener.Write(String name, Object value)
   at Microsoft.Extensions.Hosting.HostBuilder.ResolveHost(IServiceProvider serviceProvider, DiagnosticListener diagnosticListener)
   at Microsoft.Extensions.Hosting.HostApplicationBuilder.Build()
   at Microsoft.AspNetCore.Builder.WebApplicationBuilder.Build()
   at Program.<Main>$(String[] args) in /Users/fernandobarroso/Local Repo/Sempre Fichas/SF_management/Program.cs:line 68
2025-07-13 15:26:40.740 -07:00 [INF] Starting SF Management API {"Application":"SF Management API","Environment":"Development"}
2025-07-13 15:26:40.813 -07:00 [FTL] SF Management API failed to start {"Application":"SF Management API","Environment":"Development"}
Microsoft.Extensions.Hosting.HostAbortedException: The host was aborted.
   at Microsoft.Extensions.Hosting.HostFactoryResolver.HostingListener.ThrowHostAborted()
   at Microsoft.Extensions.Hosting.HostFactoryResolver.HostingListener.OnNext(KeyValuePair`2 value)
   at System.Diagnostics.DiagnosticListener.Write(String name, Object value)
   at Microsoft.Extensions.Hosting.HostBuilder.ResolveHost(IServiceProvider serviceProvider, DiagnosticListener diagnosticListener)
   at Microsoft.Extensions.Hosting.HostApplicationBuilder.Build()
   at Microsoft.AspNetCore.Builder.WebApplicationBuilder.Build()
   at Program.<Main>$(String[] args) in /Users/fernandobarroso/Local Repo/Sempre Fichas/SF_management/Program.cs:line 68
2025-07-13 15:27:20.658 -07:00 [INF] Starting SF Management API {"Application":"SF Management API","Environment":"Development"}
2025-07-13 15:27:20.863 -07:00 [FTL] SF Management API failed to start {"Application":"SF Management API","Environment":"Development"}
Microsoft.Extensions.Hosting.HostAbortedException: The host was aborted.
   at Microsoft.Extensions.Hosting.HostFactoryResolver.HostingListener.ThrowHostAborted()
   at Microsoft.Extensions.Hosting.HostFactoryResolver.HostingListener.OnNext(KeyValuePair`2 value)
   at System.Diagnostics.DiagnosticListener.Write(String name, Object value)
   at Microsoft.Extensions.Hosting.HostBuilder.ResolveHost(IServiceProvider serviceProvider, DiagnosticListener diagnosticListener)
   at Microsoft.Extensions.Hosting.HostApplicationBuilder.Build()
   at Microsoft.AspNetCore.Builder.WebApplicationBuilder.Build()
   at Program.<Main>$(String[] args) in /Users/fernandobarroso/Local Repo/Sempre Fichas/SF_management/Program.cs:line 68
