2025-07-07 11:40:50.194 -07:00 [INF] Starting SF Management API {"Application":"SF Management API","Environment":"Development"}
2025-07-07 11:41:07.395 -07:00 [FTL] SF Management API failed to start {"Application":"SF Management API","Environment":"Development"}
System.InvalidOperationException: An exception has been raised that is likely due to a transient failure. Consider enabling transient error resiliency by adding 'EnableRetryOnFailure' to the 'UseSqlServer' call.
 ---> Microsoft.Data.SqlClient.SqlException (0x80131904): Database 'sfmanagement-tests' on server 'semprefichas-dbserver.database.windows.net' is not currently available.  Please retry the connection later.  If the problem persists, contact customer support, and provide them the session tracing ID of '{A90E18C9-6665-4504-B591-6DE84693D46F}'.
   at Microsoft.Data.SqlClient.SqlInternalConnection.OnError(SqlException exception, Boolean breakConnection, Action`1 wrapCloseInAction)
   at Microsoft.Data.SqlClient.TdsParser.ThrowExceptionAndWarning(TdsParserStateObject stateObj, SqlCommand command, Boolean callerHasConnectionLock, Boolean asyncClose)
   at Microsoft.Data.SqlClient.TdsParser.TryRun(RunBehavior runBehavior, SqlCommand cmdHandler, SqlDataReader dataStream, BulkCopySimpleResultSet bulkCopyHandler, TdsParserStateObject stateObj, Boolean& dataReady)
   at Microsoft.Data.SqlClient.TdsParser.Run(RunBehavior runBehavior, SqlCommand cmdHandler, SqlDataReader dataStream, BulkCopySimpleResultSet bulkCopyHandler, TdsParserStateObject stateObj)
   at Microsoft.Data.SqlClient.SqlInternalConnectionTds.CompleteLogin(Boolean enlistOK)
   at Microsoft.Data.SqlClient.SqlInternalConnectionTds.AttemptOneLogin(ServerInfo serverInfo, String newPassword, SecureString newSecurePassword, TimeoutTimer timeout, Boolean withFailover)
   at Microsoft.Data.SqlClient.SqlInternalConnectionTds.LoginNoFailover(ServerInfo serverInfo, String newPassword, SecureString newSecurePassword, Boolean redirectedUserInstance, SqlConnectionString connectionOptions, SqlCredential credential, TimeoutTimer timeout)
   at Microsoft.Data.SqlClient.SqlInternalConnectionTds.OpenLoginEnlist(TimeoutTimer timeout, SqlConnectionString connectionOptions, SqlCredential credential, String newPassword, SecureString newSecurePassword, Boolean redirectedUserInstance)
   at Microsoft.Data.SqlClient.SqlInternalConnectionTds..ctor(DbConnectionPoolIdentity identity, SqlConnectionString connectionOptions, SqlCredential credential, Object providerInfo, String newPassword, SecureString newSecurePassword, Boolean redirectedUserInstance, SqlConnectionString userConnectionOptions, SessionData reconnectSessionData, Boolean applyTransientFaultHandling, String accessToken, DbConnectionPool pool, Func`3 accessTokenCallback)
   at Microsoft.Data.SqlClient.SqlConnectionFactory.CreateConnection(DbConnectionOptions options, DbConnectionPoolKey poolKey, Object poolGroupProviderInfo, DbConnectionPool pool, DbConnection owningConnection, DbConnectionOptions userOptions)
   at Microsoft.Data.ProviderBase.DbConnectionFactory.CreatePooledConnection(DbConnectionPool pool, DbConnection owningObject, DbConnectionOptions options, DbConnectionPoolKey poolKey, DbConnectionOptions userOptions)
   at Microsoft.Data.ProviderBase.DbConnectionPool.CreateObject(DbConnection owningObject, DbConnectionOptions userOptions, DbConnectionInternal oldConnection)
   at Microsoft.Data.ProviderBase.DbConnectionPool.UserCreateRequest(DbConnection owningObject, DbConnectionOptions userOptions, DbConnectionInternal oldConnection)
   at Microsoft.Data.ProviderBase.DbConnectionPool.TryGetConnection(DbConnection owningObject, UInt32 waitForMultipleObjectsTimeout, Boolean allowCreate, Boolean onlyOneCheckConnection, DbConnectionOptions userOptions, DbConnectionInternal& connection)
   at Microsoft.Data.ProviderBase.DbConnectionPool.TryGetConnection(DbConnection owningObject, TaskCompletionSource`1 retry, DbConnectionOptions userOptions, DbConnectionInternal& connection)
   at Microsoft.Data.ProviderBase.DbConnectionFactory.TryGetConnection(DbConnection owningConnection, TaskCompletionSource`1 retry, DbConnectionOptions userOptions, DbConnectionInternal oldConnection, DbConnectionInternal& connection)
   at Microsoft.Data.ProviderBase.DbConnectionInternal.TryOpenConnectionInternal(DbConnection outerConnection, DbConnectionFactory connectionFactory, TaskCompletionSource`1 retry, DbConnectionOptions userOptions)
   at Microsoft.Data.ProviderBase.DbConnectionClosed.TryOpenConnection(DbConnection outerConnection, DbConnectionFactory connectionFactory, TaskCompletionSource`1 retry, DbConnectionOptions userOptions)
   at Microsoft.Data.SqlClient.SqlConnection.TryOpen(TaskCompletionSource`1 retry, SqlConnectionOverrides overrides)
   at Microsoft.Data.SqlClient.SqlConnection.Open(SqlConnectionOverrides overrides)
   at Microsoft.EntityFrameworkCore.SqlServer.Storage.Internal.SqlServerConnection.OpenDbConnection(Boolean errorsExpected)
   at Microsoft.EntityFrameworkCore.Storage.RelationalConnection.OpenInternal(Boolean errorsExpected)
   at Microsoft.EntityFrameworkCore.Storage.RelationalConnection.Open(Boolean errorsExpected)
   at Microsoft.EntityFrameworkCore.SqlServer.Storage.Internal.SqlServerDatabaseCreator.<>c__DisplayClass18_0.<Exists>b__0(DateTime giveUp)
   at Microsoft.EntityFrameworkCore.ExecutionStrategyExtensions.<>c__DisplayClass12_0`2.<Execute>b__0(DbContext _, TState s)
   at Microsoft.EntityFrameworkCore.SqlServer.Storage.Internal.SqlServerExecutionStrategy.Execute[TState,TResult](TState state, Func`3 operation, Func`3 verifySucceeded)
ClientConnectionId:41655a53-4be6-4f3b-80f2-0db8d3f00124
Error Number:40613,State:1,Class:20
   --- End of inner exception stack trace ---
   at Microsoft.EntityFrameworkCore.SqlServer.Storage.Internal.SqlServerExecutionStrategy.Execute[TState,TResult](TState state, Func`3 operation, Func`3 verifySucceeded)
   at Microsoft.EntityFrameworkCore.ExecutionStrategyExtensions.Execute[TState,TResult](IExecutionStrategy strategy, TState state, Func`2 operation, Func`2 verifySucceeded)
   at Microsoft.EntityFrameworkCore.SqlServer.Storage.Internal.SqlServerDatabaseCreator.Exists(Boolean retryOnNotExists)
   at Microsoft.EntityFrameworkCore.SqlServer.Storage.Internal.SqlServerDatabaseCreator.Exists()
   at Microsoft.EntityFrameworkCore.Migrations.HistoryRepository.Exists()
   at Microsoft.EntityFrameworkCore.Migrations.Internal.Migrator.Migrate(String targetMigration)
   at Microsoft.EntityFrameworkCore.RelationalDatabaseFacadeExtensions.Migrate(DatabaseFacade databaseFacade)
   at Program.<Main>$(String[] args) in /Users/fernandobarroso/Local Repo/Sempre Fichas/SF_management/Program.cs:line 128
2025-07-07 11:41:35.216 -07:00 [INF] Starting SF Management API {"Application":"SF Management API","Environment":"Development"}
2025-07-07 11:41:38.458 -07:00 [INF] SF Management API started successfully {"Application":"SF Management API","Environment":"Development"}
2025-07-07 11:41:39.330 -07:00 [INF] Unauthenticated request: GET /index.html {"SourceContext":"SFManagement.Middleware.AuthenticationLoggingMiddleware","RequestId":"0HNDTGNKA5M2N:00000001","RequestPath":"/index.html","ConnectionId":"0HNDTGNKA5M2N","Application":"SF Management API","Environment":"Development"}
2025-07-07 11:41:39.410 -07:00 [INF] Unauthenticated request: GET /swagger-ui.css {"SourceContext":"SFManagement.Middleware.AuthenticationLoggingMiddleware","RequestId":"0HNDTGNKA5M2N:00000003","RequestPath":"/swagger-ui.css","ConnectionId":"0HNDTGNKA5M2N","Application":"SF Management API","Environment":"Development"}
2025-07-07 11:41:39.410 -07:00 [INF] Unauthenticated request: GET /swagger-ui-standalone-preset.js {"SourceContext":"SFManagement.Middleware.AuthenticationLoggingMiddleware","RequestId":"0HNDTGNKA5M2N:00000007","RequestPath":"/swagger-ui-standalone-preset.js","ConnectionId":"0HNDTGNKA5M2N","Application":"SF Management API","Environment":"Development"}
2025-07-07 11:41:39.417 -07:00 [INF] Unauthenticated request: GET /swagger-ui-bundle.js {"SourceContext":"SFManagement.Middleware.AuthenticationLoggingMiddleware","RequestId":"0HNDTGNKA5M2N:00000005","RequestPath":"/swagger-ui-bundle.js","ConnectionId":"0HNDTGNKA5M2N","Application":"SF Management API","Environment":"Development"}
2025-07-07 11:41:39.600 -07:00 [INF] Unauthenticated request: GET /swagger/v1/swagger.json {"SourceContext":"SFManagement.Middleware.AuthenticationLoggingMiddleware","RequestId":"0HNDTGNKA5M2N:0000000B","RequestPath":"/swagger/v1/swagger.json","ConnectionId":"0HNDTGNKA5M2N","Application":"SF Management API","Environment":"Development"}
2025-07-07 12:41:10.758 -07:00 [INF] Starting SF Management API {"Application":"SF Management API","Environment":"Development"}
2025-07-07 12:41:10.838 -07:00 [FTL] SF Management API failed to start {"Application":"SF Management API","Environment":"Development"}
Microsoft.Extensions.Hosting.HostAbortedException: The host was aborted.
   at Microsoft.Extensions.Hosting.HostFactoryResolver.HostingListener.ThrowHostAborted()
   at Microsoft.Extensions.Hosting.HostFactoryResolver.HostingListener.OnNext(KeyValuePair`2 value)
   at System.Diagnostics.DiagnosticListener.Write(String name, Object value)
   at Microsoft.Extensions.Hosting.HostBuilder.ResolveHost(IServiceProvider serviceProvider, DiagnosticListener diagnosticListener)
   at Microsoft.Extensions.Hosting.HostApplicationBuilder.Build()
   at Microsoft.AspNetCore.Builder.WebApplicationBuilder.Build()
   at Program.<Main>$(String[] args) in /Users/fernandobarroso/Local Repo/Sempre Fichas/SF_management/Program.cs:line 68
2025-07-07 12:50:30.740 -07:00 [INF] Starting SF Management API {"Application":"SF Management API","Environment":"Development"}
2025-07-07 12:50:30.845 -07:00 [FTL] SF Management API failed to start {"Application":"SF Management API","Environment":"Development"}
Microsoft.Extensions.Hosting.HostAbortedException: The host was aborted.
   at Microsoft.Extensions.Hosting.HostFactoryResolver.HostingListener.ThrowHostAborted()
   at Microsoft.Extensions.Hosting.HostFactoryResolver.HostingListener.OnNext(KeyValuePair`2 value)
   at System.Diagnostics.DiagnosticListener.Write(String name, Object value)
   at Microsoft.Extensions.Hosting.HostBuilder.ResolveHost(IServiceProvider serviceProvider, DiagnosticListener diagnosticListener)
   at Microsoft.Extensions.Hosting.HostApplicationBuilder.Build()
   at Microsoft.AspNetCore.Builder.WebApplicationBuilder.Build()
   at Program.<Main>$(String[] args) in /Users/fernandobarroso/Local Repo/Sempre Fichas/SF_management/Program.cs:line 68
2025-07-07 15:07:17.870 -07:00 [INF] Starting SF Management API {"Application":"SF Management API","Environment":"Development"}
2025-07-07 15:07:47.862 -07:00 [INF] SF Management API started successfully {"Application":"SF Management API","Environment":"Development"}
2025-07-07 15:07:52.314 -07:00 [INF] Unauthenticated request: GET /index.html {"SourceContext":"SFManagement.Middleware.AuthenticationLoggingMiddleware","RequestId":"0HNDTKARNNKN1:00000001","RequestPath":"/index.html","ConnectionId":"0HNDTKARNNKN1","Application":"SF Management API","Environment":"Development"}
2025-07-07 15:07:52.718 -07:00 [INF] Unauthenticated request: GET /swagger/v1/swagger.json {"SourceContext":"SFManagement.Middleware.AuthenticationLoggingMiddleware","RequestId":"0HNDTKARNNKN2:00000001","RequestPath":"/swagger/v1/swagger.json","ConnectionId":"0HNDTKARNNKN2","Application":"SF Management API","Environment":"Development"}
2025-07-07 15:08:04.975 -07:00 [INF] Unauthenticated request: GET /api/v1/Address {"SourceContext":"SFManagement.Middleware.AuthenticationLoggingMiddleware","RequestId":"0HNDTKARNNKN3:00000001","RequestPath":"/api/v1/Address","ConnectionId":"0HNDTKARNNKN3","Application":"SF Management API","Environment":"Development"}
2025-07-07 15:08:07.302 -07:00 [INF] Unauthenticated request: GET /api/v1/Address {"SourceContext":"SFManagement.Middleware.AuthenticationLoggingMiddleware","RequestId":"0HNDTKARNNKN3:00000003","RequestPath":"/api/v1/Address","ConnectionId":"0HNDTKARNNKN3","Application":"SF Management API","Environment":"Development"}
2025-07-07 15:08:30.911 -07:00 [INF] Starting SF Management API {"Application":"SF Management API","Environment":"Development"}
2025-07-07 15:08:33.802 -07:00 [INF] SF Management API started successfully {"Application":"SF Management API","Environment":"Development"}
2025-07-07 15:08:34.606 -07:00 [INF] Unauthenticated request: GET /index.html {"SourceContext":"SFManagement.Middleware.AuthenticationLoggingMiddleware","RequestId":"0HNDTKB8ESD96:00000001","RequestPath":"/index.html","ConnectionId":"0HNDTKB8ESD96","Application":"SF Management API","Environment":"Development"}
2025-07-07 15:08:34.812 -07:00 [INF] Unauthenticated request: GET /swagger/v1/swagger.json {"SourceContext":"SFManagement.Middleware.AuthenticationLoggingMiddleware","RequestId":"0HNDTKB8ESD96:00000003","RequestPath":"/swagger/v1/swagger.json","ConnectionId":"0HNDTKB8ESD96","Application":"SF Management API","Environment":"Development"}
2025-07-07 15:08:41.923 -07:00 [INF] Unauthenticated request: GET /api/v1/Address {"SourceContext":"SFManagement.Middleware.AuthenticationLoggingMiddleware","RequestId":"0HNDTKB8ESD97:00000001","RequestPath":"/api/v1/Address","ConnectionId":"0HNDTKB8ESD97","Application":"SF Management API","Environment":"Development"}
2025-07-07 15:08:43.097 -07:00 [INF] Unauthenticated request: GET /api/v1/Address {"SourceContext":"SFManagement.Middleware.AuthenticationLoggingMiddleware","RequestId":"0HNDTKB8ESD98:00000001","RequestPath":"/api/v1/Address","ConnectionId":"0HNDTKB8ESD98","Application":"SF Management API","Environment":"Development"}
2025-07-07 15:08:45.948 -07:00 [INF] Unauthenticated request: GET /api/v1/Address {"SourceContext":"SFManagement.Middleware.AuthenticationLoggingMiddleware","RequestId":"0HNDTKB8ESD98:00000003","RequestPath":"/api/v1/Address","ConnectionId":"0HNDTKB8ESD98","Application":"SF Management API","Environment":"Development"}
2025-07-07 15:09:01.623 -07:00 [INF] Unauthenticated request: GET /health {"SourceContext":"SFManagement.Middleware.AuthenticationLoggingMiddleware","RequestId":"0HNDTKB8ESD99:00000001","RequestPath":"/health","ConnectionId":"0HNDTKB8ESD99","Application":"SF Management API","Environment":"Development"}
2025-07-07 15:09:01.628 -07:00 [INF] Handling request to $/health {"SourceContext":"SFManagement.ErrorHandlerMiddleware","RequestId":"0HNDTKB8ESD99:00000001","RequestPath":"/health","ConnectionId":"0HNDTKB8ESD99","Application":"SF Management API","Environment":"Development"}
2025-07-07 15:09:01.994 -07:00 [INF] Unauthenticated request: GET /favicon.ico {"SourceContext":"SFManagement.Middleware.AuthenticationLoggingMiddleware","RequestId":"0HNDTKB8ESD99:00000003","RequestPath":"/favicon.ico","ConnectionId":"0HNDTKB8ESD99","Application":"SF Management API","Environment":"Development"}
