2025-07-03 23:33:21.315 -07:00 [INF] Starting SF Management API {"Application":"SF Management API","Environment":"Development"}
2025-07-03 23:33:27.570 -07:00 [INF] SF Management API started successfully {"Application":"SF Management API","Environment":"Development"}
2025-07-03 23:33:27.616 -07:00 [FTL] Application startup exception {"EventId":{"Id":6},"SourceContext":"Microsoft.AspNetCore.Hosting.Diagnostics","Application":"SF Management API","Environment":"Development"}
System.InvalidOperationException: Cannot resolve scoped service 'SFManagement.Services.ILoggingService' from root provider.
   at Microsoft.Extensions.DependencyInjection.ServiceLookup.CallSiteValidator.ValidateResolution(ServiceCallSite callSite, IServiceScope scope, IServiceScope rootScope)
   at Microsoft.Extensions.DependencyInjection.ServiceProvider.GetService(ServiceIdentifier serviceIdentifier, ServiceProviderEngineScope serviceProviderEngineScope)
   at Microsoft.Extensions.DependencyInjection.ServiceProvider.GetService(Type serviceType)
   at Microsoft.Extensions.DependencyInjection.ActivatorUtilities.ConstructorMatcher.CreateInstance(IServiceProvider provider)
   at Microsoft.Extensions.DependencyInjection.ActivatorUtilities.CreateInstance(IServiceProvider provider, Type instanceType, Object[] parameters)
   at Microsoft.AspNetCore.Builder.UseMiddlewareExtensions.ReflectionMiddlewareBinder.CreateMiddleware(RequestDelegate next)
   at Microsoft.AspNetCore.Builder.ApplicationBuilder.Build()
   at Microsoft.AspNetCore.Builder.ApplicationBuilder.Build()
   at Microsoft.AspNetCore.Hosting.GenericWebHostService.StartAsync(CancellationToken cancellationToken)
2025-07-03 23:33:27.623 -07:00 [ERR] Hosting failed to start {"EventId":{"Id":11,"Name":"HostedServiceStartupFaulted"},"SourceContext":"Microsoft.Extensions.Hosting.Internal.Host","Application":"SF Management API","Environment":"Development"}
System.InvalidOperationException: Cannot resolve scoped service 'SFManagement.Services.ILoggingService' from root provider.
   at Microsoft.Extensions.DependencyInjection.ServiceLookup.CallSiteValidator.ValidateResolution(ServiceCallSite callSite, IServiceScope scope, IServiceScope rootScope)
   at Microsoft.Extensions.DependencyInjection.ServiceProvider.GetService(ServiceIdentifier serviceIdentifier, ServiceProviderEngineScope serviceProviderEngineScope)
   at Microsoft.Extensions.DependencyInjection.ServiceProvider.GetService(Type serviceType)
   at Microsoft.Extensions.DependencyInjection.ActivatorUtilities.ConstructorMatcher.CreateInstance(IServiceProvider provider)
   at Microsoft.Extensions.DependencyInjection.ActivatorUtilities.CreateInstance(IServiceProvider provider, Type instanceType, Object[] parameters)
   at Microsoft.AspNetCore.Builder.UseMiddlewareExtensions.ReflectionMiddlewareBinder.CreateMiddleware(RequestDelegate next)
   at Microsoft.AspNetCore.Builder.ApplicationBuilder.Build()
   at Microsoft.AspNetCore.Builder.ApplicationBuilder.Build()
   at Microsoft.AspNetCore.Hosting.GenericWebHostService.StartAsync(CancellationToken cancellationToken)
   at Microsoft.Extensions.Hosting.Internal.Host.<StartAsync>b__14_1(IHostedService service, CancellationToken token)
   at Microsoft.Extensions.Hosting.Internal.Host.ForeachService[T](IEnumerable`1 services, CancellationToken token, Boolean concurrent, Boolean abortOnFirstException, List`1 exceptions, Func`3 operation)
2025-07-03 23:33:27.626 -07:00 [FTL] SF Management API failed to start {"Application":"SF Management API","Environment":"Development"}
System.InvalidOperationException: Cannot resolve scoped service 'SFManagement.Services.ILoggingService' from root provider.
   at Microsoft.Extensions.DependencyInjection.ServiceLookup.CallSiteValidator.ValidateResolution(ServiceCallSite callSite, IServiceScope scope, IServiceScope rootScope)
   at Microsoft.Extensions.DependencyInjection.ServiceProvider.GetService(ServiceIdentifier serviceIdentifier, ServiceProviderEngineScope serviceProviderEngineScope)
   at Microsoft.Extensions.DependencyInjection.ServiceProvider.GetService(Type serviceType)
   at Microsoft.Extensions.DependencyInjection.ActivatorUtilities.ConstructorMatcher.CreateInstance(IServiceProvider provider)
   at Microsoft.Extensions.DependencyInjection.ActivatorUtilities.CreateInstance(IServiceProvider provider, Type instanceType, Object[] parameters)
   at Microsoft.AspNetCore.Builder.UseMiddlewareExtensions.ReflectionMiddlewareBinder.CreateMiddleware(RequestDelegate next)
   at Microsoft.AspNetCore.Builder.ApplicationBuilder.Build()
   at Microsoft.AspNetCore.Builder.ApplicationBuilder.Build()
   at Microsoft.AspNetCore.Hosting.GenericWebHostService.StartAsync(CancellationToken cancellationToken)
   at Microsoft.Extensions.Hosting.Internal.Host.<StartAsync>b__14_1(IHostedService service, CancellationToken token)
   at Microsoft.Extensions.Hosting.Internal.Host.ForeachService[T](IEnumerable`1 services, CancellationToken token, Boolean concurrent, Boolean abortOnFirstException, List`1 exceptions, Func`3 operation)
   at Microsoft.Extensions.Hosting.Internal.Host.StartAsync(CancellationToken cancellationToken)
   at Microsoft.Extensions.Hosting.HostingAbstractionsHostExtensions.RunAsync(IHost host, CancellationToken token)
   at Microsoft.Extensions.Hosting.HostingAbstractionsHostExtensions.RunAsync(IHost host, CancellationToken token)
   at Microsoft.Extensions.Hosting.HostingAbstractionsHostExtensions.Run(IHost host)
   at Program.<Main>$(String[] args) in /Users/fernandobarroso/Local Repo/Sempre Fichas/SF_management/Program.cs:line 146
2025-07-03 23:36:34.045 -07:00 [INF] Starting SF Management API {"Application":"SF Management API","Environment":"Development"}
2025-07-03 23:36:36.770 -07:00 [INF] SF Management API started successfully {"Application":"SF Management API","Environment":"Development"}
2025-07-03 23:36:36.803 -07:00 [FTL] Application startup exception {"EventId":{"Id":6},"SourceContext":"Microsoft.AspNetCore.Hosting.Diagnostics","Application":"SF Management API","Environment":"Development"}
System.InvalidOperationException: Cannot resolve scoped service 'SFManagement.Services.ILoggingService' from root provider.
   at Microsoft.Extensions.DependencyInjection.ServiceLookup.CallSiteValidator.ValidateResolution(ServiceCallSite callSite, IServiceScope scope, IServiceScope rootScope)
   at Microsoft.Extensions.DependencyInjection.ServiceProvider.GetService(ServiceIdentifier serviceIdentifier, ServiceProviderEngineScope serviceProviderEngineScope)
   at Microsoft.Extensions.DependencyInjection.ServiceProvider.GetService(Type serviceType)
   at Microsoft.Extensions.DependencyInjection.ActivatorUtilities.ConstructorMatcher.CreateInstance(IServiceProvider provider)
   at Microsoft.Extensions.DependencyInjection.ActivatorUtilities.CreateInstance(IServiceProvider provider, Type instanceType, Object[] parameters)
   at Microsoft.AspNetCore.Builder.UseMiddlewareExtensions.ReflectionMiddlewareBinder.CreateMiddleware(RequestDelegate next)
   at Microsoft.AspNetCore.Builder.ApplicationBuilder.Build()
   at Microsoft.AspNetCore.Builder.ApplicationBuilder.Build()
   at Microsoft.AspNetCore.Hosting.GenericWebHostService.StartAsync(CancellationToken cancellationToken)
2025-07-03 23:36:36.808 -07:00 [ERR] Hosting failed to start {"EventId":{"Id":11,"Name":"HostedServiceStartupFaulted"},"SourceContext":"Microsoft.Extensions.Hosting.Internal.Host","Application":"SF Management API","Environment":"Development"}
System.InvalidOperationException: Cannot resolve scoped service 'SFManagement.Services.ILoggingService' from root provider.
   at Microsoft.Extensions.DependencyInjection.ServiceLookup.CallSiteValidator.ValidateResolution(ServiceCallSite callSite, IServiceScope scope, IServiceScope rootScope)
   at Microsoft.Extensions.DependencyInjection.ServiceProvider.GetService(ServiceIdentifier serviceIdentifier, ServiceProviderEngineScope serviceProviderEngineScope)
   at Microsoft.Extensions.DependencyInjection.ServiceProvider.GetService(Type serviceType)
   at Microsoft.Extensions.DependencyInjection.ActivatorUtilities.ConstructorMatcher.CreateInstance(IServiceProvider provider)
   at Microsoft.Extensions.DependencyInjection.ActivatorUtilities.CreateInstance(IServiceProvider provider, Type instanceType, Object[] parameters)
   at Microsoft.AspNetCore.Builder.UseMiddlewareExtensions.ReflectionMiddlewareBinder.CreateMiddleware(RequestDelegate next)
   at Microsoft.AspNetCore.Builder.ApplicationBuilder.Build()
   at Microsoft.AspNetCore.Builder.ApplicationBuilder.Build()
   at Microsoft.AspNetCore.Hosting.GenericWebHostService.StartAsync(CancellationToken cancellationToken)
   at Microsoft.Extensions.Hosting.Internal.Host.<StartAsync>b__14_1(IHostedService service, CancellationToken token)
   at Microsoft.Extensions.Hosting.Internal.Host.ForeachService[T](IEnumerable`1 services, CancellationToken token, Boolean concurrent, Boolean abortOnFirstException, List`1 exceptions, Func`3 operation)
2025-07-03 23:36:36.810 -07:00 [FTL] SF Management API failed to start {"Application":"SF Management API","Environment":"Development"}
System.InvalidOperationException: Cannot resolve scoped service 'SFManagement.Services.ILoggingService' from root provider.
   at Microsoft.Extensions.DependencyInjection.ServiceLookup.CallSiteValidator.ValidateResolution(ServiceCallSite callSite, IServiceScope scope, IServiceScope rootScope)
   at Microsoft.Extensions.DependencyInjection.ServiceProvider.GetService(ServiceIdentifier serviceIdentifier, ServiceProviderEngineScope serviceProviderEngineScope)
   at Microsoft.Extensions.DependencyInjection.ServiceProvider.GetService(Type serviceType)
   at Microsoft.Extensions.DependencyInjection.ActivatorUtilities.ConstructorMatcher.CreateInstance(IServiceProvider provider)
   at Microsoft.Extensions.DependencyInjection.ActivatorUtilities.CreateInstance(IServiceProvider provider, Type instanceType, Object[] parameters)
   at Microsoft.AspNetCore.Builder.UseMiddlewareExtensions.ReflectionMiddlewareBinder.CreateMiddleware(RequestDelegate next)
   at Microsoft.AspNetCore.Builder.ApplicationBuilder.Build()
   at Microsoft.AspNetCore.Builder.ApplicationBuilder.Build()
   at Microsoft.AspNetCore.Hosting.GenericWebHostService.StartAsync(CancellationToken cancellationToken)
   at Microsoft.Extensions.Hosting.Internal.Host.<StartAsync>b__14_1(IHostedService service, CancellationToken token)
   at Microsoft.Extensions.Hosting.Internal.Host.ForeachService[T](IEnumerable`1 services, CancellationToken token, Boolean concurrent, Boolean abortOnFirstException, List`1 exceptions, Func`3 operation)
   at Microsoft.Extensions.Hosting.Internal.Host.StartAsync(CancellationToken cancellationToken)
   at Microsoft.Extensions.Hosting.HostingAbstractionsHostExtensions.RunAsync(IHost host, CancellationToken token)
   at Microsoft.Extensions.Hosting.HostingAbstractionsHostExtensions.RunAsync(IHost host, CancellationToken token)
   at Microsoft.Extensions.Hosting.HostingAbstractionsHostExtensions.Run(IHost host)
   at Program.<Main>$(String[] args) in /Users/fernandobarroso/Local Repo/Sempre Fichas/SF_management/Program.cs:line 146
2025-07-03 23:36:58.885 -07:00 [INF] Starting SF Management API {"Application":"SF Management API","Environment":"Development"}
2025-07-03 23:37:01.525 -07:00 [INF] SF Management API started successfully {"Application":"SF Management API","Environment":"Development"}
2025-07-03 23:37:01.545 -07:00 [FTL] Application startup exception {"EventId":{"Id":6},"SourceContext":"Microsoft.AspNetCore.Hosting.Diagnostics","Application":"SF Management API","Environment":"Development"}
System.InvalidOperationException: Cannot resolve scoped service 'SFManagement.Services.ILoggingService' from root provider.
   at Microsoft.Extensions.DependencyInjection.ServiceLookup.CallSiteValidator.ValidateResolution(ServiceCallSite callSite, IServiceScope scope, IServiceScope rootScope)
   at Microsoft.Extensions.DependencyInjection.ServiceProvider.GetService(ServiceIdentifier serviceIdentifier, ServiceProviderEngineScope serviceProviderEngineScope)
   at Microsoft.Extensions.DependencyInjection.ServiceProvider.GetService(Type serviceType)
   at Microsoft.Extensions.DependencyInjection.ActivatorUtilities.ConstructorMatcher.CreateInstance(IServiceProvider provider)
   at Microsoft.Extensions.DependencyInjection.ActivatorUtilities.CreateInstance(IServiceProvider provider, Type instanceType, Object[] parameters)
   at Microsoft.AspNetCore.Builder.UseMiddlewareExtensions.ReflectionMiddlewareBinder.CreateMiddleware(RequestDelegate next)
   at Microsoft.AspNetCore.Builder.ApplicationBuilder.Build()
   at Microsoft.AspNetCore.Builder.ApplicationBuilder.Build()
   at Microsoft.AspNetCore.Hosting.GenericWebHostService.StartAsync(CancellationToken cancellationToken)
2025-07-03 23:37:01.549 -07:00 [ERR] Hosting failed to start {"EventId":{"Id":11,"Name":"HostedServiceStartupFaulted"},"SourceContext":"Microsoft.Extensions.Hosting.Internal.Host","Application":"SF Management API","Environment":"Development"}
System.InvalidOperationException: Cannot resolve scoped service 'SFManagement.Services.ILoggingService' from root provider.
   at Microsoft.Extensions.DependencyInjection.ServiceLookup.CallSiteValidator.ValidateResolution(ServiceCallSite callSite, IServiceScope scope, IServiceScope rootScope)
   at Microsoft.Extensions.DependencyInjection.ServiceProvider.GetService(ServiceIdentifier serviceIdentifier, ServiceProviderEngineScope serviceProviderEngineScope)
   at Microsoft.Extensions.DependencyInjection.ServiceProvider.GetService(Type serviceType)
   at Microsoft.Extensions.DependencyInjection.ActivatorUtilities.ConstructorMatcher.CreateInstance(IServiceProvider provider)
   at Microsoft.Extensions.DependencyInjection.ActivatorUtilities.CreateInstance(IServiceProvider provider, Type instanceType, Object[] parameters)
   at Microsoft.AspNetCore.Builder.UseMiddlewareExtensions.ReflectionMiddlewareBinder.CreateMiddleware(RequestDelegate next)
   at Microsoft.AspNetCore.Builder.ApplicationBuilder.Build()
   at Microsoft.AspNetCore.Builder.ApplicationBuilder.Build()
   at Microsoft.AspNetCore.Hosting.GenericWebHostService.StartAsync(CancellationToken cancellationToken)
   at Microsoft.Extensions.Hosting.Internal.Host.<StartAsync>b__14_1(IHostedService service, CancellationToken token)
   at Microsoft.Extensions.Hosting.Internal.Host.ForeachService[T](IEnumerable`1 services, CancellationToken token, Boolean concurrent, Boolean abortOnFirstException, List`1 exceptions, Func`3 operation)
2025-07-03 23:37:01.550 -07:00 [FTL] SF Management API failed to start {"Application":"SF Management API","Environment":"Development"}
System.InvalidOperationException: Cannot resolve scoped service 'SFManagement.Services.ILoggingService' from root provider.
   at Microsoft.Extensions.DependencyInjection.ServiceLookup.CallSiteValidator.ValidateResolution(ServiceCallSite callSite, IServiceScope scope, IServiceScope rootScope)
   at Microsoft.Extensions.DependencyInjection.ServiceProvider.GetService(ServiceIdentifier serviceIdentifier, ServiceProviderEngineScope serviceProviderEngineScope)
   at Microsoft.Extensions.DependencyInjection.ServiceProvider.GetService(Type serviceType)
   at Microsoft.Extensions.DependencyInjection.ActivatorUtilities.ConstructorMatcher.CreateInstance(IServiceProvider provider)
   at Microsoft.Extensions.DependencyInjection.ActivatorUtilities.CreateInstance(IServiceProvider provider, Type instanceType, Object[] parameters)
   at Microsoft.AspNetCore.Builder.UseMiddlewareExtensions.ReflectionMiddlewareBinder.CreateMiddleware(RequestDelegate next)
   at Microsoft.AspNetCore.Builder.ApplicationBuilder.Build()
   at Microsoft.AspNetCore.Builder.ApplicationBuilder.Build()
   at Microsoft.AspNetCore.Hosting.GenericWebHostService.StartAsync(CancellationToken cancellationToken)
   at Microsoft.Extensions.Hosting.Internal.Host.<StartAsync>b__14_1(IHostedService service, CancellationToken token)
   at Microsoft.Extensions.Hosting.Internal.Host.ForeachService[T](IEnumerable`1 services, CancellationToken token, Boolean concurrent, Boolean abortOnFirstException, List`1 exceptions, Func`3 operation)
   at Microsoft.Extensions.Hosting.Internal.Host.StartAsync(CancellationToken cancellationToken)
   at Microsoft.Extensions.Hosting.HostingAbstractionsHostExtensions.RunAsync(IHost host, CancellationToken token)
   at Microsoft.Extensions.Hosting.HostingAbstractionsHostExtensions.RunAsync(IHost host, CancellationToken token)
   at Microsoft.Extensions.Hosting.HostingAbstractionsHostExtensions.Run(IHost host)
   at Program.<Main>$(String[] args) in /Users/fernandobarroso/Local Repo/Sempre Fichas/SF_management/Program.cs:line 146
2025-07-03 23:38:10.725 -07:00 [INF] Starting SF Management API {"Application":"SF Management API","Environment":"Development"}
2025-07-03 23:38:13.465 -07:00 [INF] SF Management API started successfully {"Application":"SF Management API","Environment":"Development"}
2025-07-03 23:38:47.481 -07:00 [INF] Unauthenticated request: GET /index.html {"SourceContext":"SFManagement.Middleware.Authenti2025-07-03 23:38:56.410 -07:00 [INF] SF Management API started successfully {"Application":"SF Management API","Environment":"Development"}
2025-07-03 23:38:57.566 -07:00 [ERR] Hosting failed to start {"EventId":{"Id":11,"Name":"HostedServiceStartupFaulted"},"SourceContext":"Microsoft.Extensions.Hosting.Internal.Host","Application":"SF Management API","Environment":"Development"}
System.IO.IOException: Failed to bind to address https://127.0.0.1:7078: address already in use.
 ---> Microsoft.AspNetCore.Connections.AddressInUseException: Address already in use
 ---> System.Net.Sockets.SocketException (48): Address already in use
   at System.Net.Sockets.Socket.DoBind(EndPoint endPointSnapshot, SocketAddress socketAddress)
   at System.Net.Sockets.Socket.Bind(EndPoint localEP)
   at Microsoft.AspNetCore.Server.Kestrel.Transport.Sockets.SocketTransportOptions.CreateDefaultBoundListenSocket(EndPoint endpoint)
   at Microsoft.AspNetCore.Server.Kestrel.Transport.Sockets.SocketConnectionListener.Bind()
   --- End of inner exception stack trace ---
   at Microsoft.AspNetCore.Server.Kestrel.Transport.Sockets.SocketConnectionListener.Bind()
   at Microsoft.AspNetCore.Server.Kestrel.Transport.Sockets.SocketTransportFactory.BindAsync(EndPoint endpoint, CancellationToken cancellationToken)
   at Microsoft.AspNetCore.Server.Kestrel.Core.Internal.Infrastructure.TransportManager.BindAsync(EndPoint endPoint, ConnectionDelegate connectionDelegate, EndpointConfig endpointConfig, CancellationToken cancellationToken)
   at Microsoft.AspNetCore.Server.Kestrel.Core.KestrelServerImpl.<>c__DisplayClass28_0`1.<<StartAsync>g__OnBind|0>d.MoveNext()
--- End of stack trace from previous location ---
   at Microsoft.AspNetCore.Server.Kestrel.Core.Internal.AddressBinder.BindEndpointAsync(ListenOptions endpoint, AddressBindContext context, CancellationToken cancellationToken)
   --- End of inner exception stack trace ---
   at Microsoft.AspNetCore.Server.Kestrel.Core.Internal.AddressBinder.BindEndpointAsync(ListenOptions endpoint, AddressBindContext context, CancellationToken cancellationToken)
   at Microsoft.AspNetCore.Server.Kestrel.Core.LocalhostListenOptions.BindAsync(AddressBindContext context, CancellationToken cancellationToken)
   at Microsoft.AspNetCore.Server.Kestrel.Core.Internal.AddressBinder.AddressesStrategy.BindAsync(AddressBindContext context, CancellationToken cancellationToken)
   at Microsoft.AspNetCore.Server.Kestrel.Core.KestrelServerImpl.BindAsync(CancellationToken cancellationToken)
   at Microsoft.AspNetCore.Server.Kestrel.Core.KestrelServerImpl.StartAsync[TContext](IHttpApplication`1 application, CancellationToken cancellationToken)
   at Microsoft.AspNetCore.Hosting.GenericWebHostService.StartAsync(CancellationToken cancellationToken)
   at Microsoft.Extensions.Hosting.Internal.Host.<StartAsync>b__14_1(IHostedService service, CancellationToken token)
   at Microsoft.Extensions.Hosting.Internal.Host.ForeachService[T](IEnumerable`1 services, CancellationToken token, Boolean concurrent, Boolean abortOnFirstException, List`1 exceptions, Func`3 operation)
2025-07-03 23:38:57.670 -07:00 [FTL] SF Management API failed to start {"Application":"SF Management API","Environment":"Development"}
System.IO.IOException: Failed to bind to address https://127.0.0.1:7078: address already in use.
 ---> Microsoft.AspNetCore.Connections.AddressInUseException: Address already in use
 ---> System.Net.Sockets.SocketException (48): Address already in use
   at System.Net.Sockets.Socket.DoBind(EndPoint endPointSnapshot, SocketAddress socketAddress)
   at System.Net.Sockets.Socket.Bind(EndPoint localEP)
   at Microsoft.AspNetCore.Server.Kestrel.Transport.Sockets.SocketTransportOptions.CreateDefaultBoundListenSocket(EndPoint endpoint)
   at Microsoft.AspNetCore.Server.Kestrel.Transport.Sockets.SocketConnectionListener.Bind()
   --- End of inner exception stack trace ---
   at Microsoft.AspNetCore.Server.Kestrel.Transport.Sockets.SocketConnectionListener.Bind()
   at Microsoft.AspNetCore.Server.Kestrel.Transport.Sockets.SocketTransportFactory.BindAsync(EndPoint endpoint, CancellationToken cancellationToken)
   at Microsoft.AspNetCore.Server.Kestrel.Core.Internal.Infrastructure.TransportManager.BindAsync(EndPoint endPoint, ConnectionDelegate connectionDelegate, EndpointConfig endpointConfig, CancellationToken cancellationToken)
   at Microsoft.AspNetCore.Server.Kestrel.Core.KestrelServerImpl.<>c__DisplayClass28_0`1.<<StartAsync>g__OnBind|0>d.MoveNext()
--- End of stack trace from previous location ---
   at Microsoft.AspNetCore.Server.Kestrel.Core.Internal.AddressBinder.BindEndpointAsync(ListenOptions endpoint, AddressBindContext context, CancellationToken cancellationToken)
   --- End of inner exception stack trace ---
   at Microsoft.AspNetCore.Server.Kestrel.Core.Internal.AddressBinder.BindEndpointAsync(ListenOptions endpoint, AddressBindContext context, CancellationToken cancellationToken)
   at Microsoft.AspNetCore.Server.Kestrel.Core.LocalhostListenOptions.BindAsync(AddressBindContext context, CancellationToken cancellationToken)
   at Microsoft.AspNetCore.Server.Kestrel.Core.Internal.AddressBinder.AddressesStrategy.BindAsync(AddressBindContext context, CancellationToken cancellationToken)
   at Microsoft.AspNetCore.Server.Kestrel.Core.KestrelServerImpl.BindAsync(CancellationToken cancellationToken)
   at Microsoft.AspNetCore.Server.Kestrel.Core.KestrelServerImpl.StartAsync[TContext](IHttpApplication`1 application, CancellationToken cancellationToken)
   at Microsoft.AspNetCore.Hosting.GenericWebHostService.StartAsync(CancellationToken cancellationToken)
   at Microsoft.Extensions.Hosting.Internal.Host.<StartAsync>b__14_1(IHostedService service, CancellationToken token)
   at Microsoft.Extensions.Hosting.Internal.Host.ForeachService[T](IEnumerable`1 services, CancellationToken token, Boolean concurrent, Boolean abortOnFirstException, List`1 exceptions, Func`3 operation)
   at Microsoft.Extensions.Hosting.Internal.Host.StartAsync(CancellationToken cancellationToken)
   at Microsoft.Extensions.Hosting.HostingAbstractionsHostExtensions.RunAsync(IHost host, CancellationToken token)
   at Microsoft.Extensions.Hosting.HostingAbstractionsHostExtensions.RunAsync(IHost host, CancellationToken token)
   at Microsoft.Extensions.Hosting.HostingAbstractionsHostExtensions.Run(IHost host)
   at Program.<Main>$(String[] args) in /Users/fernandobarroso/Local Repo/Sempre Fichas/SF_management/Program.cs:line 146
2025-07-03 23:40:47.869 -07:00 [INF] Starting SF Management API {"Application":"SF Management API","Environment":"Development"}
2025-07-03 23:40:50.808 -07:00 [INF] SF Management API started successfully {"Application":"SF Management API","Environment":"Development"}
2025-07-03 23:40:52.643 -07:00 [INF] Unauthenticated request: GET /index.html {"SourceContext":"SFManagement.Middleware.AuthenticationLoggingMiddleware","RequestId":"0HNDQOMRU75J4:00000001","RequestPath":"/index.html","ConnectionId":"0HNDQOMRU75J4","Application":"SF Management API","Environment":"Development"}
2025-07-03 23:40:52.967 -07:00 [INF] Unauthenticated request: GET /swagger/v1/swagger.json {"SourceContext":"SFManagement.Middleware.AuthenticationLoggingMiddleware","RequestId":"0HNDQOMRU75J4:00000003","RequestPath":"/swagger/v1/swagger.json","ConnectionId":"0HNDQOMRU75J4","Application":"SF Management API","Environment":"Development"}
2025-07-03 23:41:07.808 -07:00 [INF] Unauthenticated request: GET /api/v1/assetwallet {"SourceContext":"SFManagement.Middleware.AuthenticationLoggingMiddleware","RequestId":"0HNDQOMRU75J8:00000001","RequestPath":"/api/v1/assetwallet","ConnectionId":"0HNDQOMRU75J8","Application":"SF Management API","Environment":"Development"}
2025-07-03 23:41:07.811 -07:00 [INF] Unauthenticated request: GET /api/v1/financialbehavior {"SourceContext":"SFManagement.Middleware.AuthenticationLoggingMiddleware","RequestId":"0HNDQOMRU75J9:00000001","RequestPath":"/api/v1/financialbehavior","ConnectionId":"0HNDQOMRU75J9","Application":"SF Management API","Environment":"Development"}
2025-07-03 23:41:07.840 -07:00 [INF] Unauthenticated request: GET /api/v1/pokermanager {"SourceContext":"SFManagement.Middleware.AuthenticationLoggingMiddleware","RequestId":"0HNDQOMRU75J5:00000001","RequestPath":"/api/v1/pokermanager","ConnectionId":"0HNDQOMRU75J5","Application":"SF Management API","Environment":"Development"}
2025-07-03 23:41:07.851 -07:00 [INF] Unauthenticated request: GET /api/v1/bank {"SourceContext":"SFManagement.Middleware.AuthenticationLoggingMiddleware","RequestId":"0HNDQOMRU75J6:00000001","RequestPath":"/api/v1/bank","ConnectionId":"0HNDQOMRU75J6","Application":"SF Management API","Environment":"Development"}
2025-07-03 23:41:07.852 -07:00 [INF] Unauthenticated request: GET /api/v1/walletidentifier {"SourceContext":"SFManagement.Middleware.AuthenticationLoggingMiddleware","RequestId":"0HNDQOMRU75JA:00000001","RequestPath":"/api/v1/walletidentifier","ConnectionId":"0HNDQOMRU75JA","Application":"SF Management API","Environment":"Development"}
2025-07-03 23:41:07.853 -07:00 [INF] Unauthenticated request: GET /api/v1/client {"SourceContext":"SFManagement.Middleware.AuthenticationLoggingMiddleware","RequestId":"0HNDQOMRU75J7:00000001","RequestPath":"/api/v1/client","ConnectionId":"0HNDQOMRU75J7","Application":"SF Management API","Environment":"Development"}
2025-07-03 23:41:08.479 -07:00 [INF] Handling request to $/api/v1/assetwallet {"SourceContext":"SFManagement.ErrorHandlerMiddleware","RequestId":"0HNDQOMRU75J8:00000001","RequestPath":"/api/v1/assetwallet","ConnectionId":"0HNDQOMRU75J8","Application":"SF Management API","Environment":"Development"}
2025-07-03 23:41:08.479 -07:00 [INF] Handling request to $/api/v1/client {"SourceContext":"SFManagement.ErrorHandlerMiddleware","RequestId":"0HNDQOMRU75J7:00000001","RequestPath":"/api/v1/client","ConnectionId":"0HNDQOMRU75J7","Application":"SF Management API","Environment":"Development"}
2025-07-03 23:41:08.479 -07:00 [INF] Handling request to $/api/v1/walletidentifier {"SourceContext":"SFManagement.ErrorHandlerMiddleware","RequestId":"0HNDQOMRU75JA:00000001","RequestPath":"/api/v1/walletidentifier","ConnectionId":"0HNDQOMRU75JA","Application":"SF Management API","Environment":"Development"}
2025-07-03 23:41:08.479 -07:00 [INF] Handling request to $/api/v1/financialbehavior {"SourceContext":"SFManagement.ErrorHandlerMiddleware","RequestId":"0HNDQOMRU75J9:00000001","RequestPath":"/api/v1/financialbehavior","ConnectionId":"0HNDQOMRU75J9","Application":"SF Management API","Environment":"Development"}
2025-07-03 23:41:08.479 -07:00 [INF] Handling request to $/api/v1/pokermanager {"SourceContext":"SFManagement.ErrorHandlerMiddleware","RequestId":"0HNDQOMRU75J5:00000001","RequestPath":"/api/v1/pokermanager","ConnectionId":"0HNDQOMRU75J5","Application":"SF Management API","Environment":"Development"}
2025-07-03 23:41:08.479 -07:00 [INF] Handling request to $/api/v1/bank {"SourceContext":"SFManagement.ErrorHandlerMiddleware","RequestId":"0HNDQOMRU75J6:00000001","RequestPath":"/api/v1/bank","ConnectionId":"0HNDQOMRU75J6","Application":"SF Management API","Environment":"Development"}
2025-07-03 23:41:17.750 -07:00 [INF] Unauthenticated request: GET /api/v1/client {"SourceContext":"SFManagement.Middleware.AuthenticationLoggingMiddleware","RequestId":"0HNDQOMRU75JB:00000001","RequestPath":"/api/v1/client","ConnectionId":"0HNDQOMRU75JB","Application":"SF Management API","Environment":"Development"}
2025-07-03 23:41:17.759 -07:00 [INF] Handling request to $/api/v1/client {"SourceContext":"SFManagement.ErrorHandlerMiddleware","RequestId":"0HNDQOMRU75JB:00000001","RequestPath":"/api/v1/client","ConnectionId":"0HNDQOMRU75JB","Application":"SF Management API","Environment":"Development"}
