2026-01-15 17:02:11.594 -08:00 [INF] Starting SF Management API {"Application":"SF Management API","Environment":"Development"}
2026-01-15 17:02:12.735 -08:00 [WRN] Sensitive data logging is enabled. Log entries and exception messages may include sensitive application data; this mode should only be enabled during development. {"EventId":{"Id":10400,"Name":"Microsoft.EntityFrameworkCore.Infrastructure.SensitiveDataLoggingEnabledWarning"},"SourceContext":"Microsoft.EntityFrameworkCore.Model.Validation","Application":"SF Management API","Environment":"Development"}
2026-01-15 17:03:31.373 -08:00 [INF] SF Management API started successfully {"Application":"SF Management API","Environment":"Development"}
2026-01-15 17:03:31.407 -08:00 [WRN] No XML encryptor configured. Key {1922498c-6050-41b3-b370-d125f7f9d6f5} may be persisted to storage in unencrypted form. {"EventId":{"Id":35,"Name":"NoXMLEncryptorConfiguredKeyMayBePersistedToStorageInUnencryptedForm"},"SourceContext":"Microsoft.AspNetCore.DataProtection.KeyManagement.XmlKeyManager","Application":"SF Management API","Environment":"Development"}
2026-01-15 17:03:31.665 -08:00 [ERR] Hosting failed to start {"EventId":{"Id":11,"Name":"HostedServiceStartupFaulted"},"SourceContext":"Microsoft.Extensions.Hosting.Internal.Host","Application":"SF Management API","Environment":"Development"}
System.InvalidOperationException: Unable to configure HTTPS endpoint. No server certificate was specified, and the default developer certificate could not be found or is out of date.
To generate a developer certificate run 'dotnet dev-certs https'. To trust the certificate (Windows and macOS only) run 'dotnet dev-certs https --trust'.
For more information on configuring HTTPS see https://go.microsoft.com/fwlink/?linkid=848054.
   at Microsoft.AspNetCore.Hosting.ListenOptionsHttpsExtensions.UseHttps(ListenOptions listenOptions, Action`1 configureOptions)
   at Microsoft.AspNetCore.Server.Kestrel.Core.Internal.AddressBinder.AddressesStrategy.BindAsync(AddressBindContext context, CancellationToken cancellationToken)
   at Microsoft.AspNetCore.Server.Kestrel.Core.KestrelServerImpl.BindAsync(CancellationToken cancellationToken)
   at Microsoft.AspNetCore.Server.Kestrel.Core.KestrelServerImpl.StartAsync[TContext](IHttpApplication`1 application, CancellationToken cancellationToken)
   at Microsoft.AspNetCore.Hosting.GenericWebHostService.StartAsync(CancellationToken cancellationToken)
   at Microsoft.Extensions.Hosting.Internal.Host.<StartAsync>b__14_1(IHostedService service, CancellationToken token)
   at Microsoft.Extensions.Hosting.Internal.Host.ForeachService[T](IEnumerable`1 services, CancellationToken token, Boolean concurrent, Boolean abortOnFirstException, List`1 exceptions, Func`3 operation)
2026-01-15 17:03:31.684 -08:00 [FTL] SF Management API failed to start {"Application":"SF Management API","Environment":"Development"}
System.InvalidOperationException: Unable to configure HTTPS endpoint. No server certificate was specified, and the default developer certificate could not be found or is out of date.
To generate a developer certificate run 'dotnet dev-certs https'. To trust the certificate (Windows and macOS only) run 'dotnet dev-certs https --trust'.
For more information on configuring HTTPS see https://go.microsoft.com/fwlink/?linkid=848054.
   at Microsoft.AspNetCore.Hosting.ListenOptionsHttpsExtensions.UseHttps(ListenOptions listenOptions, Action`1 configureOptions)
   at Microsoft.AspNetCore.Server.Kestrel.Core.Internal.AddressBinder.AddressesStrategy.BindAsync(AddressBindContext context, CancellationToken cancellationToken)
   at Microsoft.AspNetCore.Server.Kestrel.Core.KestrelServerImpl.BindAsync(CancellationToken cancellationToken)
   at Microsoft.AspNetCore.Server.Kestrel.Core.KestrelServerImpl.StartAsync[TContext](IHttpApplication`1 application, CancellationToken cancellationToken)
   at Microsoft.AspNetCore.Hosting.GenericWebHostService.StartAsync(CancellationToken cancellationToken)
   at Microsoft.Extensions.Hosting.Internal.Host.<StartAsync>b__14_1(IHostedService service, CancellationToken token)
   at Microsoft.Extensions.Hosting.Internal.Host.ForeachService[T](IEnumerable`1 services, CancellationToken token, Boolean concurrent, Boolean abortOnFirstException, List`1 exceptions, Func`3 operation)
   at Microsoft.Extensions.Hosting.Internal.Host.StartAsync(CancellationToken cancellationToken)
   at Microsoft.Extensions.Hosting.HostingAbstractionsHostExtensions.RunAsync(IHost host, CancellationToken token)
   at Microsoft.Extensions.Hosting.HostingAbstractionsHostExtensions.RunAsync(IHost host, CancellationToken token)
   at Microsoft.Extensions.Hosting.HostingAbstractionsHostExtensions.Run(IHost host)
   at Program.<Main>$(String[] args) in /Users/fernandobarroso/Local Repo/Sempre Fichas/SF_management/Program.cs:line 156
